{"/Users/S/cloud-ninja-services/src/server.js": {"path":"/Users/S/cloud-ninja-services/src/server.js","statementMap":{"0":{"start":{"line":1,"column":16},"end":{"line":1,"column":34}},"1":{"start":{"line":2,"column":13},"end":{"line":2,"column":28}},"2":{"start":{"line":3,"column":13},"end":{"line":3,"column":28}},"3":{"start":{"line":4,"column":15},"end":{"line":4,"column":32}},"4":{"start":{"line":5,"column":23},"end":{"line":5,"column":51}},"5":{"start":{"line":6,"column":21},"end":{"line":6,"column":47}},"6":{"start":{"line":7,"column":25},"end":{"line":7,"column":55}},"7":{"start":{"line":10,"column":12},"end":{"line":10,"column":21}},"8":{"start":{"line":11,"column":13},"end":{"line":11,"column":37}},"9":{"start":{"line":14,"column":0},"end":{"line":14,"column":16}},"10":{"start":{"line":15,"column":0},"end":{"line":15,"column":24}},"11":{"start":{"line":16,"column":0},"end":{"line":16,"column":48}},"12":{"start":{"line":17,"column":0},"end":{"line":17,"column":23}},"13":{"start":{"line":18,"column":0},"end":{"line":18,"column":26}},"14":{"start":{"line":21,"column":0},"end":{"line":21,"column":59}},"15":{"start":{"line":24,"column":0},"end":{"line":24,"column":41}},"16":{"start":{"line":25,"column":0},"end":{"line":25,"column":37}},"17":{"start":{"line":28,"column":0},"end":{"line":30,"column":3}},"18":{"start":{"line":29,"column":2},"end":{"line":29,"column":61}},"19":{"start":{"line":33,"column":0},"end":{"line":39,"column":3}},"20":{"start":{"line":34,"column":2},"end":{"line":34,"column":27}},"21":{"start":{"line":35,"column":2},"end":{"line":38,"column":5}},"22":{"start":{"line":42,"column":0},"end":{"line":44,"column":3}},"23":{"start":{"line":43,"column":2},"end":{"line":43,"column":62}},"24":{"start":{"line":46,"column":0},"end":{"line":50,"column":1}},"25":{"start":{"line":47,"column":2},"end":{"line":49,"column":5}},"26":{"start":{"line":48,"column":4},"end":{"line":48,"column":64}},"27":{"start":{"line":52,"column":0},"end":{"line":52,"column":21}}},"fnMap":{"0":{"name":"(anonymous_0)","decl":{"start":{"line":28,"column":13},"end":{"line":28,"column":14}},"loc":{"start":{"line":28,"column":27},"end":{"line":30,"column":1}},"line":28},"1":{"name":"(anonymous_1)","decl":{"start":{"line":33,"column":8},"end":{"line":33,"column":9}},"loc":{"start":{"line":33,"column":33},"end":{"line":39,"column":1}},"line":33},"2":{"name":"(anonymous_2)","decl":{"start":{"line":42,"column":17},"end":{"line":42,"column":18}},"loc":{"start":{"line":42,"column":23},"end":{"line":44,"column":1}},"line":42},"3":{"name":"(anonymous_3)","decl":{"start":{"line":47,"column":19},"end":{"line":47,"column":20}},"loc":{"start":{"line":47,"column":25},"end":{"line":49,"column":3}},"line":47}},"branchMap":{"0":{"loc":{"start":{"line":11,"column":13},"end":{"line":11,"column":37}},"type":"binary-expr","locations":[{"start":{"line":11,"column":13},"end":{"line":11,"column":29}},{"start":{"line":11,"column":33},"end":{"line":11,"column":37}}],"line":11},"1":{"loc":{"start":{"line":46,"column":0},"end":{"line":50,"column":1}},"type":"if","locations":[{"start":{"line":46,"column":0},"end":{"line":50,"column":1}},{"start":{},"end":{}}],"line":46}},"s":{"0":1,"1":1,"2":1,"3":1,"4":1,"5":1,"6":1,"7":1,"8":1,"9":1,"10":1,"11":1,"12":1,"13":1,"14":1,"15":1,"16":1,"17":1,"18":0,"19":1,"20":0,"21":0,"22":1,"23":1,"24":1,"25":0,"26":0,"27":1},"f":{"0":0,"1":0,"2":1,"3":0},"b":{"0":[1,1],"1":[0,1]},"_coverageSchema":"1a1c01bbd47fc00a2c39e90264f33305004495a9","hash":"e9913fe0948edd462d77c12c01fb7a73fcc2cb83"}
,"/Users/S/cloud-ninja-services/src/middleware/logger.js": {"path":"/Users/S/cloud-ninja-services/src/middleware/logger.js","statementMap":{"0":{"start":{"line":5,"column":15},"end":{"line":15,"column":1}},"1":{"start":{"line":6,"column":16},"end":{"line":6,"column":26}},"2":{"start":{"line":9,"column":2},"end":{"line":12,"column":5}},"3":{"start":{"line":10,"column":21},"end":{"line":10,"column":39}},"4":{"start":{"line":11,"column":4},"end":{"line":11,"column":116}},"5":{"start":{"line":14,"column":2},"end":{"line":14,"column":9}},"6":{"start":{"line":17,"column":0},"end":{"line":17,"column":24}}},"fnMap":{"0":{"name":"(anonymous_0)","decl":{"start":{"line":5,"column":15},"end":{"line":5,"column":16}},"loc":{"start":{"line":5,"column":35},"end":{"line":15,"column":1}},"line":5},"1":{"name":"(anonymous_1)","decl":{"start":{"line":9,"column":19},"end":{"line":9,"column":20}},"loc":{"start":{"line":9,"column":25},"end":{"line":12,"column":3}},"line":9}},"branchMap":{},"s":{"0":2,"1":5,"2":5,"3":5,"4":5,"5":5,"6":2},"f":{"0":5,"1":5},"b":{},"_coverageSchema":"1a1c01bbd47fc00a2c39e90264f33305004495a9","hash":"252fdef2446b0c6f7d55700e0e5e87fbf45cbee6"}
,"/Users/S/cloud-ninja-services/src/routes/services.js": {"path":"/Users/S/cloud-ninja-services/src/routes/services.js","statementMap":{"0":{"start":{"line":1,"column":16},"end":{"line":1,"column":34}},"1":{"start":{"line":2,"column":15},"end":{"line":2,"column":31}},"2":{"start":{"line":3,"column":12},"end":{"line":3,"column":26}},"3":{"start":{"line":6,"column":17},"end":{"line":42,"column":1}},"4":{"start":{"line":45,"column":20},"end":{"line":49,"column":2}},"5":{"start":{"line":52,"column":0},"end":{"line":57,"column":3}},"6":{"start":{"line":53,"column":2},"end":{"line":56,"column":5}},"7":{"start":{"line":60,"column":0},"end":{"line":75,"column":3}},"8":{"start":{"line":61,"column":13},"end":{"line":61,"column":36}},"9":{"start":{"line":62,"column":18},"end":{"line":62,"column":49}},"10":{"start":{"line":62,"column":37},"end":{"line":62,"column":48}},"11":{"start":{"line":64,"column":2},"end":{"line":69,"column":3}},"12":{"start":{"line":65,"column":4},"end":{"line":68,"column":7}},"13":{"start":{"line":71,"column":2},"end":{"line":74,"column":5}},"14":{"start":{"line":77,"column":0},"end":{"line":77,"column":24}}},"fnMap":{"0":{"name":"(anonymous_0)","decl":{"start":{"line":52,"column":16},"end":{"line":52,"column":17}},"loc":{"start":{"line":52,"column":30},"end":{"line":57,"column":1}},"line":52},"1":{"name":"(anonymous_1)","decl":{"start":{"line":60,"column":19},"end":{"line":60,"column":20}},"loc":{"start":{"line":60,"column":33},"end":{"line":75,"column":1}},"line":60},"2":{"name":"(anonymous_2)","decl":{"start":{"line":62,"column":32},"end":{"line":62,"column":33}},"loc":{"start":{"line":62,"column":37},"end":{"line":62,"column":48}},"line":62}},"branchMap":{"0":{"loc":{"start":{"line":64,"column":2},"end":{"line":69,"column":3}},"type":"if","locations":[{"start":{"line":64,"column":2},"end":{"line":69,"column":3}},{"start":{},"end":{}}],"line":64}},"s":{"0":2,"1":2,"2":2,"3":2,"4":2,"5":2,"6":2,"7":2,"8":2,"9":2,"10":6,"11":2,"12":1,"13":1,"14":2},"f":{"0":2,"1":2,"2":6},"b":{"0":[1,1]},"_coverageSchema":"1a1c01bbd47fc00a2c39e90264f33305004495a9","hash":"75e25f9cc0b7a9433581a11f81784d0d04754d9c"}
,"/Users/S/cloud-ninja-services/src/routes/status.js": {"path":"/Users/S/cloud-ninja-services/src/routes/status.js","statementMap":{"0":{"start":{"line":1,"column":16},"end":{"line":1,"column":34}},"1":{"start":{"line":2,"column":15},"end":{"line":2,"column":31}},"2":{"start":{"line":5,"column":0},"end":{"line":16,"column":3}},"3":{"start":{"line":7,"column":17},"end":{"line":13,"column":3}},"4":{"start":{"line":15,"column":2},"end":{"line":15,"column":19}},"5":{"start":{"line":18,"column":0},"end":{"line":18,"column":24}}},"fnMap":{"0":{"name":"(anonymous_0)","decl":{"start":{"line":5,"column":16},"end":{"line":5,"column":17}},"loc":{"start":{"line":5,"column":30},"end":{"line":16,"column":1}},"line":5}},"branchMap":{"0":{"loc":{"start":{"line":11,"column":13},"end":{"line":11,"column":55}},"type":"binary-expr","locations":[{"start":{"line":11,"column":13},"end":{"line":11,"column":44}},{"start":{"line":11,"column":48},"end":{"line":11,"column":55}}],"line":11},"1":{"loc":{"start":{"line":12,"column":17},"end":{"line":12,"column":54}},"type":"binary-expr","locations":[{"start":{"line":12,"column":17},"end":{"line":12,"column":37}},{"start":{"line":12,"column":41},"end":{"line":12,"column":54}}],"line":12}},"s":{"0":2,"1":2,"2":2,"3":2,"4":2,"5":2},"f":{"0":2},"b":{"0":[2,0],"1":[2,0]},"_coverageSchema":"1a1c01bbd47fc00a2c39e90264f33305004495a9","hash":"3f4a7e8b57019378d2e847fac7aaa3899190c1df"}
}
