TN:
SF:src/server.js
FN:28,(anonymous_0)
FN:33,(anonymous_1)
FN:42,(anonymous_2)
FN:47,(anonymous_3)
FNF:4
FNH:1
FNDA:0,(anonymous_0)
FNDA:0,(anonymous_1)
FNDA:1,(anonymous_2)
FNDA:0,(anonymous_3)
DA:1,1
DA:2,1
DA:3,1
DA:4,1
DA:5,1
DA:6,1
DA:7,1
DA:10,1
DA:11,1
DA:14,1
DA:15,1
DA:16,1
DA:17,1
DA:18,1
DA:21,1
DA:24,1
DA:25,1
DA:28,1
DA:29,0
DA:33,1
DA:34,0
DA:35,0
DA:42,1
DA:43,1
DA:46,1
DA:47,0
DA:48,0
DA:52,1
LF:28
LH:23
BRDA:11,0,0,1
BRDA:11,0,1,1
BRDA:46,1,0,0
BRDA:46,1,1,1
BRF:4
BRH:3
end_of_record
TN:
SF:src/middleware/logger.js
FN:5,(anonymous_0)
FN:9,(anonymous_1)
FNF:2
FNH:2
FNDA:5,(anonymous_0)
FNDA:5,(anonymous_1)
DA:5,2
DA:6,5
DA:9,5
DA:10,5
DA:11,5
DA:14,5
DA:17,2
LF:7
LH:7
BRF:0
BRH:0
end_of_record
TN:
SF:src/routes/services.js
FN:52,(anonymous_0)
FN:60,(anonymous_1)
FN:62,(anonymous_2)
FNF:3
FNH:3
FNDA:2,(anonymous_0)
FNDA:2,(anonymous_1)
FNDA:6,(anonymous_2)
DA:1,2
DA:2,2
DA:3,2
DA:6,2
DA:45,2
DA:52,2
DA:53,2
DA:60,2
DA:61,2
DA:62,6
DA:64,2
DA:65,1
DA:71,1
DA:77,2
LF:14
LH:14
BRDA:64,0,0,1
BRDA:64,0,1,1
BRF:2
BRH:2
end_of_record
TN:
SF:src/routes/status.js
FN:5,(anonymous_0)
FNF:1
FNH:1
FNDA:2,(anonymous_0)
DA:1,2
DA:2,2
DA:5,2
DA:7,2
DA:15,2
DA:18,2
LF:6
LH:6
BRDA:11,0,0,2
BRDA:11,0,1,0
BRDA:12,1,0,2
BRDA:12,1,1,0
BRF:4
BRH:2
end_of_record
